<?xml version="1.0" encoding="UTF-8"?>
<coverage generated="1759367231373" clover="3.2.0">
  <project timestamp="1759367231373" name="All files">
    <metrics statements="402" coveredstatements="66" conditionals="220" coveredconditionals="15" methods="55" coveredmethods="8" elements="677" coveredelements="89" complexity="0" loc="402" ncloc="402" packages="1" files="1" classes="1"/>
    <file name="raffle.js" path="/Users/jesseniesen/LivHana-Trinity-Local/LivHana-SoT/backend/integration-service/src/raffle.js">
      <metrics statements="402" coveredstatements="66" conditionals="220" coveredconditionals="15" methods="55" coveredmethods="8"/>
      <line num="5" count="1" type="stmt"/>
      <line num="6" count="1" type="stmt"/>
      <line num="7" count="1" type="stmt"/>
      <line num="8" count="1" type="stmt"/>
      <line num="9" count="1" type="stmt"/>
      <line num="11" count="1" type="stmt"/>
      <line num="12" count="1" type="stmt"/>
      <line num="15" count="1" type="stmt"/>
      <line num="16" count="1" type="cond" truecount="1" falsecount="1"/>
      <line num="17" count="1" type="stmt"/>
      <line num="18" count="1" type="stmt"/>
      <line num="19" count="1" type="stmt"/>
      <line num="20" count="1" type="cond" truecount="1" falsecount="1"/>
      <line num="23" count="1" type="stmt"/>
      <line num="24" count="1" type="stmt"/>
      <line num="25" count="1" type="stmt"/>
      <line num="26" count="1" type="cond" truecount="1" falsecount="1"/>
      <line num="31" count="1" type="cond" truecount="2" falsecount="0"/>
      <line num="35" count="1" type="stmt"/>
      <line num="36" count="1" type="cond" truecount="3" falsecount="1"/>
      <line num="37" count="0" type="stmt"/>
      <line num="38" count="0" type="stmt"/>
      <line num="40" count="1" type="stmt"/>
      <line num="43" count="0" type="stmt"/>
      <line num="47" count="1" type="stmt"/>
      <line num="57" count="1" type="stmt"/>
      <line num="65" count="1" type="stmt"/>
      <line num="70" count="1" type="cond" truecount="1" falsecount="1"/>
      <line num="71" count="1" type="stmt"/>
      <line num="72" count="1" type="stmt"/>
      <line num="75" count="0" type="stmt"/>
      <line num="78" count="0" type="stmt"/>
      <line num="100" count="0" type="stmt"/>
      <line num="119" count="0" type="stmt"/>
      <line num="139" count="0" type="stmt"/>
      <line num="145" count="0" type="stmt"/>
      <line num="146" count="0" type="stmt"/>
      <line num="147" count="0" type="stmt"/>
      <line num="149" count="0" type="cond" truecount="0" falsecount="2"/>
      <line num="150" count="0" type="stmt"/>
      <line num="154" count="0" type="stmt"/>
      <line num="156" count="0" type="stmt"/>
      <line num="162" count="1" type="stmt"/>
      <line num="163" count="0" type="stmt"/>
      <line num="170" count="1" type="stmt"/>
      <line num="171" count="1" type="stmt"/>
      <line num="172" count="1" type="stmt"/>
      <line num="177" count="0" type="stmt"/>
      <line num="179" count="0" type="stmt"/>
      <line num="188" count="0" type="stmt"/>
      <line num="190" count="0" type="stmt"/>
      <line num="204" count="0" type="stmt"/>
      <line num="206" count="0" type="stmt"/>
      <line num="207" count="0" type="stmt"/>
      <line num="213" count="0" type="stmt"/>
      <line num="215" count="0" type="stmt"/>
      <line num="223" count="0" type="stmt"/>
      <line num="234" count="0" type="stmt"/>
      <line num="236" count="0" type="stmt"/>
      <line num="237" count="0" type="stmt"/>
      <line num="238" count="0" type="stmt"/>
      <line num="243" count="0" type="stmt"/>
      <line num="249" count="0" type="stmt"/>
      <line num="250" count="0" type="stmt"/>
      <line num="258" count="0" type="stmt"/>
      <line num="262" count="1" type="stmt"/>
      <line num="269" count="112" type="stmt"/>
      <line num="274" count="10" type="cond" truecount="4" falsecount="0"/>
      <line num="275" count="2" type="stmt"/>
      <line num="279" count="8" type="stmt"/>
      <line num="282" count="8" type="stmt"/>
      <line num="284" count="8" type="stmt"/>
      <line num="290" count="6211" type="stmt"/>
      <line num="292" count="20" type="cond" truecount="2" falsecount="0"/>
      <line num="293" count="1" type="stmt"/>
      <line num="296" count="19" type="stmt"/>
      <line num="297" count="19" type="stmt"/>
      <line num="299" count="19" type="stmt"/>
      <line num="301" count="99" type="stmt"/>
      <line num="303" count="104" type="stmt"/>
      <line num="304" count="104" type="stmt"/>
      <line num="307" count="99" type="stmt"/>
      <line num="308" count="99" type="stmt"/>
      <line num="314" count="19" type="stmt"/>
      <line num="319" count="6" type="stmt"/>
      <line num="328" count="15" type="stmt"/>
      <line num="338" count="6" type="stmt"/>
      <line num="343" count="6" type="stmt"/>
      <line num="345" count="6" type="stmt"/>
      <line num="352" count="0" type="cond" truecount="0" falsecount="2"/>
      <line num="353" count="0" type="stmt"/>
      <line num="354" count="0" type="stmt"/>
      <line num="357" count="0" type="stmt"/>
      <line num="378" count="0" type="stmt"/>
      <line num="383" count="0" type="stmt"/>
      <line num="384" count="0" type="stmt"/>
      <line num="388" count="0" type="cond" truecount="0" falsecount="4"/>
      <line num="389" count="0" type="stmt"/>
      <line num="392" count="0" type="stmt"/>
      <line num="410" count="0" type="stmt"/>
      <line num="415" count="0" type="stmt"/>
      <line num="416" count="0" type="stmt"/>
      <line num="420" count="0" type="cond" truecount="0" falsecount="2"/>
      <line num="421" count="0" type="stmt"/>
      <line num="424" count="0" type="stmt"/>
      <line num="446" count="0" type="stmt"/>
      <line num="451" count="0" type="stmt"/>
      <line num="452" count="0" type="stmt"/>
      <line num="456" count="0" type="cond" truecount="0" falsecount="2"/>
      <line num="457" count="0" type="stmt"/>
      <line num="460" count="0" type="stmt"/>
      <line num="467" count="0" type="stmt"/>
      <line num="473" count="0" type="cond" truecount="0" falsecount="2"/>
      <line num="475" count="0" type="stmt"/>
      <line num="476" count="0" type="cond" truecount="0" falsecount="2"/>
      <line num="477" count="0" type="stmt"/>
      <line num="480" count="0" type="stmt"/>
      <line num="484" count="0" type="cond" truecount="0" falsecount="2"/>
      <line num="485" count="0" type="stmt"/>
      <line num="488" count="0" type="stmt"/>
      <line num="495" count="0" type="stmt"/>
      <line num="500" count="0" type="stmt"/>
      <line num="501" count="0" type="cond" truecount="0" falsecount="2"/>
      <line num="502" count="0" type="stmt"/>
      <line num="504" count="0" type="stmt"/>
      <line num="509" count="0" type="cond" truecount="0" falsecount="2"/>
      <line num="510" count="0" type="stmt"/>
      <line num="513" count="0" type="stmt"/>
      <line num="520" count="0" type="stmt"/>
      <line num="526" count="0" type="stmt"/>
      <line num="530" count="0" type="cond" truecount="0" falsecount="2"/>
      <line num="531" count="0" type="stmt"/>
      <line num="534" count="0" type="stmt"/>
      <line num="542" count="0" type="stmt"/>
      <line num="548" count="0" type="stmt"/>
      <line num="552" count="0" type="cond" truecount="0" falsecount="2"/>
      <line num="553" count="0" type="stmt"/>
      <line num="556" count="0" type="stmt"/>
      <line num="563" count="0" type="stmt"/>
      <line num="569" count="0" type="stmt"/>
      <line num="570" count="0" type="cond" truecount="0" falsecount="2"/>
      <line num="571" count="0" type="stmt"/>
      <line num="573" count="0" type="cond" truecount="0" falsecount="2"/>
      <line num="574" count="0" type="stmt"/>
      <line num="576" count="0" type="stmt"/>
      <line num="581" count="0" type="cond" truecount="0" falsecount="2"/>
      <line num="582" count="0" type="stmt"/>
      <line num="588" count="0" type="stmt"/>
      <line num="591" count="0" type="stmt"/>
      <line num="597" count="0" type="cond" truecount="0" falsecount="2"/>
      <line num="598" count="0" type="stmt"/>
      <line num="601" count="0" type="stmt"/>
      <line num="602" count="0" type="stmt"/>
      <line num="611" count="0" type="stmt"/>
      <line num="617" count="0" type="cond" truecount="0" falsecount="2"/>
      <line num="619" count="0" type="stmt"/>
      <line num="620" count="0" type="stmt"/>
      <line num="627" count="0" type="stmt"/>
      <line num="628" count="0" type="stmt"/>
      <line num="636" count="0" type="stmt"/>
      <line num="638" count="0" type="stmt"/>
      <line num="642" count="0" type="stmt"/>
      <line num="643" count="0" type="stmt"/>
      <line num="645" count="0" type="stmt"/>
      <line num="650" count="0" type="stmt"/>
      <line num="651" count="0" type="stmt"/>
      <line num="664" count="0" type="stmt"/>
      <line num="665" count="0" type="stmt"/>
      <line num="667" count="0" type="stmt"/>
      <line num="672" count="0" type="stmt"/>
      <line num="673" count="0" type="stmt"/>
      <line num="686" count="0" type="stmt"/>
      <line num="687" count="0" type="stmt"/>
      <line num="689" count="0" type="stmt"/>
      <line num="694" count="0" type="stmt"/>
      <line num="695" count="0" type="stmt"/>
      <line num="707" count="0" type="stmt"/>
      <line num="708" count="0" type="stmt"/>
      <line num="710" count="0" type="stmt"/>
      <line num="717" count="0" type="stmt"/>
      <line num="719" count="0" type="cond" truecount="0" falsecount="2"/>
      <line num="722" count="0" type="stmt"/>
      <line num="724" count="0" type="cond" truecount="0" falsecount="5"/>
      <line num="725" count="0" type="stmt"/>
      <line num="731" count="0" type="stmt"/>
      <line num="733" count="0" type="stmt"/>
      <line num="734" count="0" type="stmt"/>
      <line num="743" count="1" type="stmt"/>
      <line num="744" count="0" type="stmt"/>
      <line num="745" count="0" type="stmt"/>
      <line num="747" count="0" type="stmt"/>
      <line num="762" count="0" type="stmt"/>
      <line num="768" count="0" type="stmt"/>
      <line num="769" count="0" type="stmt"/>
      <line num="777" count="1" type="stmt"/>
      <line num="778" count="0" type="stmt"/>
      <line num="779" count="0" type="stmt"/>
      <line num="781" count="0" type="stmt"/>
      <line num="783" count="0" type="cond" truecount="0" falsecount="2"/>
      <line num="784" count="0" type="stmt"/>
      <line num="790" count="0" type="stmt"/>
      <line num="811" count="0" type="stmt"/>
      <line num="816" count="0" type="stmt"/>
      <line num="817" count="0" type="stmt"/>
      <line num="825" count="1" type="stmt"/>
      <line num="826" count="0" type="stmt"/>
      <line num="827" count="0" type="stmt"/>
      <line num="829" count="0" type="stmt"/>
      <line num="831" count="0" type="cond" truecount="0" falsecount="2"/>
      <line num="832" count="0" type="stmt"/>
      <line num="838" count="0" type="stmt"/>
      <line num="839" count="0" type="stmt"/>
      <line num="840" count="0" type="stmt"/>
      <line num="842" count="0" type="stmt"/>
      <line num="858" count="0" type="stmt"/>
      <line num="863" count="0" type="stmt"/>
      <line num="864" count="0" type="stmt"/>
      <line num="872" count="1" type="stmt"/>
      <line num="873" count="0" type="stmt"/>
      <line num="874" count="0" type="stmt"/>
      <line num="877" count="0" type="cond" truecount="0" falsecount="4"/>
      <line num="878" count="0" type="stmt"/>
      <line num="884" count="0" type="stmt"/>
      <line num="886" count="0" type="stmt"/>
      <line num="896" count="0" type="stmt"/>
      <line num="900" count="0" type="stmt"/>
      <line num="901" count="0" type="stmt"/>
      <line num="904" count="0" type="stmt"/>
      <line num="905" count="0" type="stmt"/>
      <line num="913" count="1" type="stmt"/>
      <line num="914" count="0" type="stmt"/>
      <line num="915" count="0" type="stmt"/>
      <line num="916" count="0" type="stmt"/>
      <line num="919" count="0" type="cond" truecount="0" falsecount="7"/>
      <line num="920" count="0" type="stmt"/>
      <line num="926" count="0" type="cond" truecount="0" falsecount="4"/>
      <line num="928" count="0" type="stmt"/>
      <line num="935" count="0" type="stmt"/>
      <line num="937" count="0" type="cond" truecount="0" falsecount="2"/>
      <line num="938" count="0" type="stmt"/>
      <line num="944" count="0" type="cond" truecount="0" falsecount="2"/>
      <line num="945" count="0" type="stmt"/>
      <line num="952" count="0" type="stmt"/>
      <line num="953" count="0" type="cond" truecount="0" falsecount="2"/>
      <line num="954" count="0" type="stmt"/>
      <line num="961" count="0" type="stmt"/>
      <line num="962" count="0" type="cond" truecount="0" falsecount="2"/>
      <line num="963" count="0" type="stmt"/>
      <line num="971" count="0" type="stmt"/>
      <line num="974" count="0" type="stmt"/>
      <line num="981" count="0" type="cond" truecount="0" falsecount="2"/>
      <line num="982" count="0" type="stmt"/>
      <line num="990" count="0" type="stmt"/>
      <line num="991" count="0" type="stmt"/>
      <line num="994" count="0" type="stmt"/>
      <line num="995" count="0" type="stmt"/>
      <line num="996" count="0" type="stmt"/>
      <line num="998" count="0" type="stmt"/>
      <line num="999" count="0" type="stmt"/>
      <line num="1000" count="0" type="stmt"/>
      <line num="1002" count="0" type="stmt"/>
      <line num="1022" count="0" type="stmt"/>
      <line num="1023" count="0" type="cond" truecount="0" falsecount="4"/>
      <line num="1024" count="0" type="stmt"/>
      <line num="1026" count="0" type="stmt"/>
      <line num="1027" count="0" type="stmt"/>
      <line num="1028" count="0" type="stmt"/>
      <line num="1030" count="0" type="stmt"/>
      <line num="1049" count="0" type="stmt"/>
      <line num="1056" count="0" type="stmt"/>
      <line num="1059" count="0" type="stmt"/>
      <line num="1079" count="0" type="stmt"/>
      <line num="1082" count="0" type="stmt"/>
      <line num="1083" count="0" type="stmt"/>
      <line num="1084" count="0" type="cond" truecount="0" falsecount="2"/>
      <line num="1088" count="0" type="stmt"/>
      <line num="1096" count="0" type="stmt"/>
      <line num="1098" count="0" type="stmt"/>
      <line num="1107" count="0" type="stmt"/>
      <line num="1119" count="0" type="stmt"/>
      <line num="1125" count="0" type="stmt"/>
      <line num="1126" count="0" type="stmt"/>
      <line num="1136" count="1" type="stmt"/>
      <line num="1137" count="0" type="stmt"/>
      <line num="1139" count="0" type="cond" truecount="0" falsecount="4"/>
      <line num="1140" count="0" type="stmt"/>
      <line num="1146" count="0" type="stmt"/>
      <line num="1149" count="0" type="cond" truecount="0" falsecount="7"/>
      <line num="1150" count="0" type="stmt"/>
      <line num="1156" count="0" type="cond" truecount="0" falsecount="4"/>
      <line num="1157" count="0" type="stmt"/>
      <line num="1163" count="0" type="stmt"/>
      <line num="1164" count="0" type="cond" truecount="0" falsecount="2"/>
      <line num="1165" count="0" type="stmt"/>
      <line num="1172" count="0" type="stmt"/>
      <line num="1173" count="0" type="stmt"/>
      <line num="1175" count="0" type="stmt"/>
      <line num="1196" count="0" type="stmt"/>
      <line num="1198" count="0" type="stmt"/>
      <line num="1204" count="0" type="stmt"/>
      <line num="1209" count="0" type="stmt"/>
      <line num="1210" count="0" type="stmt"/>
      <line num="1218" count="1" type="stmt"/>
      <line num="1219" count="0" type="stmt"/>
      <line num="1221" count="0" type="cond" truecount="0" falsecount="4"/>
      <line num="1222" count="0" type="stmt"/>
      <line num="1228" count="0" type="stmt"/>
      <line num="1229" count="0" type="stmt"/>
      <line num="1231" count="0" type="stmt"/>
      <line num="1233" count="0" type="cond" truecount="0" falsecount="2"/>
      <line num="1234" count="0" type="stmt"/>
      <line num="1241" count="0" type="cond" truecount="0" falsecount="4"/>
      <line num="1242" count="0" type="stmt"/>
      <line num="1243" count="0" type="stmt"/>
      <line num="1244" count="0" type="stmt"/>
      <line num="1247" count="0" type="cond" truecount="0" falsecount="2"/>
      <line num="1248" count="0" type="stmt"/>
      <line num="1256" count="0" type="stmt"/>
      <line num="1257" count="0" type="stmt"/>
      <line num="1263" count="0" type="stmt"/>
      <line num="1265" count="0" type="stmt"/>
      <line num="1271" count="0" type="stmt"/>
      <line num="1276" count="0" type="stmt"/>
      <line num="1277" count="0" type="stmt"/>
      <line num="1285" count="1" type="stmt"/>
      <line num="1286" count="0" type="stmt"/>
      <line num="1288" count="0" type="cond" truecount="0" falsecount="4"/>
      <line num="1289" count="0" type="stmt"/>
      <line num="1295" count="0" type="stmt"/>
      <line num="1297" count="0" type="stmt"/>
      <line num="1299" count="0" type="cond" truecount="0" falsecount="2"/>
      <line num="1300" count="0" type="stmt"/>
      <line num="1306" count="0" type="cond" truecount="0" falsecount="4"/>
      <line num="1307" count="0" type="stmt"/>
      <line num="1313" count="0" type="cond" truecount="0" falsecount="2"/>
      <line num="1314" count="0" type="stmt"/>
      <line num="1321" count="0" type="stmt"/>
      <line num="1323" count="0" type="cond" truecount="0" falsecount="2"/>
      <line num="1324" count="0" type="stmt"/>
      <line num="1331" count="0" type="stmt"/>
      <line num="1334" count="0" type="stmt"/>
      <line num="1337" count="0" type="stmt"/>
      <line num="1344" count="0" type="stmt"/>
      <line num="1352" count="0" type="stmt"/>
      <line num="1353" count="0" type="stmt"/>
      <line num="1364" count="0" type="stmt"/>
      <line num="1367" count="0" type="stmt"/>
      <line num="1374" count="0" type="stmt"/>
      <line num="1375" count="0" type="stmt"/>
      <line num="1383" count="0" type="stmt"/>
      <line num="1392" count="0" type="stmt"/>
      <line num="1402" count="0" type="stmt"/>
      <line num="1414" count="0" type="stmt"/>
      <line num="1415" count="0" type="stmt"/>
      <line num="1423" count="1" type="stmt"/>
      <line num="1424" count="0" type="stmt"/>
      <line num="1426" count="0" type="cond" truecount="0" falsecount="4"/>
      <line num="1427" count="0" type="stmt"/>
      <line num="1433" count="0" type="cond" truecount="0" falsecount="2"/>
      <line num="1434" count="0" type="stmt"/>
      <line num="1446" count="0" type="stmt"/>
      <line num="1456" count="0" type="stmt"/>
      <line num="1461" count="0" type="stmt"/>
      <line num="1464" count="0" type="stmt"/>
      <line num="1475" count="0" type="stmt"/>
      <line num="1480" count="0" type="stmt"/>
      <line num="1488" count="0" type="stmt"/>
      <line num="1498" count="0" type="stmt"/>
      <line num="1499" count="0" type="stmt"/>
      <line num="1507" count="1" type="stmt"/>
      <line num="1508" count="0" type="stmt"/>
      <line num="1510" count="0" type="cond" truecount="0" falsecount="4"/>
      <line num="1511" count="0" type="stmt"/>
      <line num="1517" count="0" type="stmt"/>
      <line num="1518" count="0" type="stmt"/>
      <line num="1520" count="0" type="stmt"/>
      <line num="1522" count="0" type="cond" truecount="0" falsecount="2"/>
      <line num="1523" count="0" type="stmt"/>
      <line num="1529" count="0" type="cond" truecount="0" falsecount="4"/>
      <line num="1530" count="0" type="stmt"/>
      <line num="1536" count="0" type="cond" truecount="0" falsecount="2"/>
      <line num="1537" count="0" type="stmt"/>
      <line num="1544" count="0" type="stmt"/>
      <line num="1545" count="0" type="stmt"/>
      <line num="1546" count="0" type="cond" truecount="0" falsecount="2"/>
      <line num="1550" count="0" type="stmt"/>
      <line num="1551" count="0" type="cond" truecount="0" falsecount="2"/>
      <line num="1552" count="0" type="stmt"/>
      <line num="1556" count="0" type="stmt"/>
      <line num="1557" count="0" type="stmt"/>
      <line num="1565" count="0" type="stmt"/>
      <line num="1566" count="0" type="stmt"/>
      <line num="1568" count="0" type="stmt"/>
      <line num="1569" count="0" type="stmt"/>
      <line num="1577" count="0" type="stmt"/>
      <line num="1580" count="0" type="stmt"/>
      <line num="1585" count="0" type="stmt"/>
      <line num="1590" count="0" type="stmt"/>
      <line num="1591" count="0" type="stmt"/>
      <line num="1596" count="0" type="stmt"/>
      <line num="1597" count="0" type="stmt"/>
      <line num="1606" count="1" type="stmt"/>
    </file>
  </project>
</coverage>
