TN:
SF:src/raffle.js
FN:69,ensureRafflesTables
FN:162,(anonymous_1)
FN:169,(anonymous_2)
FN:176,(anonymous_3)
FN:212,(anonymous_4)
FN:233,(anonymous_5)
FN:268,(anonymous_6)
FN:273,(anonymous_7)
FN:288,(anonymous_8)
FN:290,(anonymous_9)
FN:318,(anonymous_10)
FN:328,(anonymous_11)
FN:351,saveRaffle
FN:387,saveTickets
FN:392,(anonymous_14)
FN:419,saveTransaction
FN:455,getRaffleById
FN:483,getActiveRaffles
FN:500,(anonymous_18)
FN:508,getTicketsByRaffle
FN:529,getCustomerTickets
FN:551,getTransactionsByRaffle
FN:569,(anonymous_22)
FN:580,updateRaffle
FN:596,getCustomerMembership
FN:626,sendPurchaseConfirmationEmail
FN:636,(anonymous_26)
FN:638,(anonymous_27)
FN:649,sendWinnerNotificationEmail
FN:671,sendRunnerUpNotificationEmail
FN:693,sendRaffleUpdateEmail
FN:716,verifyCustomerAge
FN:743,(anonymous_32)
FN:747,(anonymous_33)
FN:777,(anonymous_34)
FN:825,(anonymous_35)
FN:872,(anonymous_36)
FN:886,(anonymous_37)
FN:900,(anonymous_38)
FN:901,(anonymous_39)
FN:913,(anonymous_40)
FN:1119,(anonymous_41)
FN:1136,(anonymous_42)
FN:1218,(anonymous_43)
FN:1243,(anonymous_44)
FN:1285,(anonymous_45)
FN:1402,(anonymous_46)
FN:1423,(anonymous_47)
FN:1488,(anonymous_48)
FN:1507,(anonymous_49)
FN:1545,(anonymous_50)
FN:1566,(anonymous_51)
FN:1580,(anonymous_52)
FN:1590,(anonymous_53)
FN:1591,(anonymous_54)
FNF:55
FNH:8
FNDA:1,ensureRafflesTables
FNDA:0,(anonymous_1)
FNDA:1,(anonymous_2)
FNDA:0,(anonymous_3)
FNDA:0,(anonymous_4)
FNDA:0,(anonymous_5)
FNDA:112,(anonymous_6)
FNDA:10,(anonymous_7)
FNDA:20,(anonymous_8)
FNDA:6211,(anonymous_9)
FNDA:6,(anonymous_10)
FNDA:15,(anonymous_11)
FNDA:0,saveRaffle
FNDA:0,saveTickets
FNDA:0,(anonymous_14)
FNDA:0,saveTransaction
FNDA:0,getRaffleById
FNDA:0,getActiveRaffles
FNDA:0,(anonymous_18)
FNDA:0,getTicketsByRaffle
FNDA:0,getCustomerTickets
FNDA:0,getTransactionsByRaffle
FNDA:0,(anonymous_22)
FNDA:0,updateRaffle
FNDA:0,getCustomerMembership
FNDA:0,sendPurchaseConfirmationEmail
FNDA:0,(anonymous_26)
FNDA:0,(anonymous_27)
FNDA:0,sendWinnerNotificationEmail
FNDA:0,sendRunnerUpNotificationEmail
FNDA:0,sendRaffleUpdateEmail
FNDA:0,verifyCustomerAge
FNDA:0,(anonymous_32)
FNDA:0,(anonymous_33)
FNDA:0,(anonymous_34)
FNDA:0,(anonymous_35)
FNDA:0,(anonymous_36)
FNDA:0,(anonymous_37)
FNDA:0,(anonymous_38)
FNDA:0,(anonymous_39)
FNDA:0,(anonymous_40)
FNDA:0,(anonymous_41)
FNDA:0,(anonymous_42)
FNDA:0,(anonymous_43)
FNDA:0,(anonymous_44)
FNDA:0,(anonymous_45)
FNDA:0,(anonymous_46)
FNDA:0,(anonymous_47)
FNDA:0,(anonymous_48)
FNDA:0,(anonymous_49)
FNDA:0,(anonymous_50)
FNDA:0,(anonymous_51)
FNDA:0,(anonymous_52)
FNDA:0,(anonymous_53)
FNDA:0,(anonymous_54)
DA:5,1
DA:6,1
DA:7,1
DA:8,1
DA:9,1
DA:11,1
DA:12,1
DA:15,1
DA:16,1
DA:17,1
DA:18,1
DA:19,1
DA:20,1
DA:23,1
DA:24,1
DA:25,1
DA:26,1
DA:31,1
DA:35,1
DA:36,1
DA:37,0
DA:38,0
DA:40,1
DA:43,0
DA:47,1
DA:57,1
DA:65,1
DA:70,1
DA:71,1
DA:72,1
DA:75,0
DA:78,0
DA:100,0
DA:119,0
DA:139,0
DA:145,0
DA:146,0
DA:147,0
DA:149,0
DA:150,0
DA:154,0
DA:156,0
DA:162,1
DA:163,0
DA:170,1
DA:171,1
DA:172,1
DA:177,0
DA:179,0
DA:188,0
DA:190,0
DA:204,0
DA:206,0
DA:207,0
DA:213,0
DA:215,0
DA:223,0
DA:234,0
DA:236,0
DA:237,0
DA:238,0
DA:243,0
DA:249,0
DA:250,0
DA:258,0
DA:262,1
DA:269,112
DA:274,10
DA:275,2
DA:279,8
DA:282,8
DA:284,8
DA:290,6211
DA:292,20
DA:293,1
DA:296,19
DA:297,19
DA:299,19
DA:301,99
DA:303,104
DA:304,104
DA:307,99
DA:308,99
DA:314,19
DA:319,6
DA:328,15
DA:338,6
DA:343,6
DA:345,6
DA:352,0
DA:353,0
DA:354,0
DA:357,0
DA:378,0
DA:383,0
DA:384,0
DA:388,0
DA:389,0
DA:392,0
DA:410,0
DA:415,0
DA:416,0
DA:420,0
DA:421,0
DA:424,0
DA:446,0
DA:451,0
DA:452,0
DA:456,0
DA:457,0
DA:460,0
DA:467,0
DA:473,0
DA:475,0
DA:476,0
DA:477,0
DA:480,0
DA:484,0
DA:485,0
DA:488,0
DA:495,0
DA:500,0
DA:501,0
DA:502,0
DA:504,0
DA:509,0
DA:510,0
DA:513,0
DA:520,0
DA:526,0
DA:530,0
DA:531,0
DA:534,0
DA:542,0
DA:548,0
DA:552,0
DA:553,0
DA:556,0
DA:563,0
DA:569,0
DA:570,0
DA:571,0
DA:573,0
DA:574,0
DA:576,0
DA:581,0
DA:582,0
DA:588,0
DA:591,0
DA:597,0
DA:598,0
DA:601,0
DA:602,0
DA:611,0
DA:617,0
DA:619,0
DA:620,0
DA:627,0
DA:628,0
DA:636,0
DA:638,0
DA:642,0
DA:643,0
DA:645,0
DA:650,0
DA:651,0
DA:664,0
DA:665,0
DA:667,0
DA:672,0
DA:673,0
DA:686,0
DA:687,0
DA:689,0
DA:694,0
DA:695,0
DA:707,0
DA:708,0
DA:710,0
DA:717,0
DA:719,0
DA:722,0
DA:724,0
DA:725,0
DA:731,0
DA:733,0
DA:734,0
DA:743,1
DA:744,0
DA:745,0
DA:747,0
DA:762,0
DA:768,0
DA:769,0
DA:777,1
DA:778,0
DA:779,0
DA:781,0
DA:783,0
DA:784,0
DA:790,0
DA:811,0
DA:816,0
DA:817,0
DA:825,1
DA:826,0
DA:827,0
DA:829,0
DA:831,0
DA:832,0
DA:838,0
DA:839,0
DA:840,0
DA:842,0
DA:858,0
DA:863,0
DA:864,0
DA:872,1
DA:873,0
DA:874,0
DA:877,0
DA:878,0
DA:884,0
DA:886,0
DA:896,0
DA:900,0
DA:901,0
DA:904,0
DA:905,0
DA:913,1
DA:914,0
DA:915,0
DA:916,0
DA:919,0
DA:920,0
DA:926,0
DA:928,0
DA:935,0
DA:937,0
DA:938,0
DA:944,0
DA:945,0
DA:952,0
DA:953,0
DA:954,0
DA:961,0
DA:962,0
DA:963,0
DA:971,0
DA:974,0
DA:981,0
DA:982,0
DA:990,0
DA:991,0
DA:994,0
DA:995,0
DA:996,0
DA:998,0
DA:999,0
DA:1000,0
DA:1002,0
DA:1022,0
DA:1023,0
DA:1024,0
DA:1026,0
DA:1027,0
DA:1028,0
DA:1030,0
DA:1049,0
DA:1056,0
DA:1059,0
DA:1079,0
DA:1082,0
DA:1083,0
DA:1084,0
DA:1088,0
DA:1096,0
DA:1098,0
DA:1107,0
DA:1119,0
DA:1125,0
DA:1126,0
DA:1136,1
DA:1137,0
DA:1139,0
DA:1140,0
DA:1146,0
DA:1149,0
DA:1150,0
DA:1156,0
DA:1157,0
DA:1163,0
DA:1164,0
DA:1165,0
DA:1172,0
DA:1173,0
DA:1175,0
DA:1196,0
DA:1198,0
DA:1204,0
DA:1209,0
DA:1210,0
DA:1218,1
DA:1219,0
DA:1221,0
DA:1222,0
DA:1228,0
DA:1229,0
DA:1231,0
DA:1233,0
DA:1234,0
DA:1241,0
DA:1242,0
DA:1243,0
DA:1244,0
DA:1247,0
DA:1248,0
DA:1256,0
DA:1257,0
DA:1263,0
DA:1265,0
DA:1271,0
DA:1276,0
DA:1277,0
DA:1285,1
DA:1286,0
DA:1288,0
DA:1289,0
DA:1295,0
DA:1297,0
DA:1299,0
DA:1300,0
DA:1306,0
DA:1307,0
DA:1313,0
DA:1314,0
DA:1321,0
DA:1323,0
DA:1324,0
DA:1331,0
DA:1334,0
DA:1337,0
DA:1344,0
DA:1352,0
DA:1353,0
DA:1364,0
DA:1367,0
DA:1374,0
DA:1375,0
DA:1383,0
DA:1392,0
DA:1402,0
DA:1414,0
DA:1415,0
DA:1423,1
DA:1424,0
DA:1426,0
DA:1427,0
DA:1433,0
DA:1434,0
DA:1446,0
DA:1456,0
DA:1461,0
DA:1464,0
DA:1475,0
DA:1480,0
DA:1488,0
DA:1498,0
DA:1499,0
DA:1507,1
DA:1508,0
DA:1510,0
DA:1511,0
DA:1517,0
DA:1518,0
DA:1520,0
DA:1522,0
DA:1523,0
DA:1529,0
DA:1530,0
DA:1536,0
DA:1537,0
DA:1544,0
DA:1545,0
DA:1546,0
DA:1550,0
DA:1551,0
DA:1552,0
DA:1556,0
DA:1557,0
DA:1565,0
DA:1566,0
DA:1568,0
DA:1569,0
DA:1577,0
DA:1580,0
DA:1585,0
DA:1590,0
DA:1591,0
DA:1596,0
DA:1597,0
DA:1606,1
LF:402
LH:66
BRDA:16,0,0,1
BRDA:16,0,1,0
BRDA:20,1,0,1
BRDA:20,1,1,0
BRDA:26,2,0,0
BRDA:26,2,1,1
BRDA:31,3,0,1
BRDA:31,3,1,1
BRDA:36,4,0,0
BRDA:36,4,1,1
BRDA:36,5,0,1
BRDA:36,5,1,1
BRDA:70,6,0,1
BRDA:70,6,1,0
BRDA:149,7,0,0
BRDA:149,7,1,0
BRDA:194,8,0,0
BRDA:194,8,1,0
BRDA:274,9,0,2
BRDA:274,9,1,8
BRDA:274,10,0,10
BRDA:274,10,1,9
BRDA:288,11,0,0
BRDA:292,12,0,1
BRDA:292,12,1,19
BRDA:352,13,0,0
BRDA:352,13,1,0
BRDA:360,14,0,0
BRDA:360,14,1,0
BRDA:364,15,0,0
BRDA:364,15,1,0
BRDA:367,16,0,0
BRDA:367,16,1,0
BRDA:368,17,0,0
BRDA:368,17,1,0
BRDA:369,18,0,0
BRDA:369,18,1,0
BRDA:370,19,0,0
BRDA:370,19,1,0
BRDA:371,20,0,0
BRDA:371,20,1,0
BRDA:372,21,0,0
BRDA:372,21,1,0
BRDA:388,22,0,0
BRDA:388,22,1,0
BRDA:388,23,0,0
BRDA:388,23,1,0
BRDA:399,24,0,0
BRDA:399,24,1,0
BRDA:402,25,0,0
BRDA:402,25,1,0
BRDA:403,26,0,0
BRDA:403,26,1,0
BRDA:404,27,0,0
BRDA:404,27,1,0
BRDA:406,28,0,0
BRDA:406,28,1,0
BRDA:420,29,0,0
BRDA:420,29,1,0
BRDA:435,30,0,0
BRDA:435,30,1,0
BRDA:438,31,0,0
BRDA:438,31,1,0
BRDA:439,32,0,0
BRDA:439,32,1,0
BRDA:440,33,0,0
BRDA:440,33,1,0
BRDA:441,34,0,0
BRDA:441,34,1,0
BRDA:456,35,0,0
BRDA:456,35,1,0
BRDA:473,36,0,0
BRDA:473,36,1,0
BRDA:476,37,0,0
BRDA:476,37,1,0
BRDA:484,38,0,0
BRDA:484,38,1,0
BRDA:501,39,0,0
BRDA:501,39,1,0
BRDA:509,40,0,0
BRDA:509,40,1,0
BRDA:530,41,0,0
BRDA:530,41,1,0
BRDA:552,42,0,0
BRDA:552,42,1,0
BRDA:570,43,0,0
BRDA:570,43,1,0
BRDA:573,44,0,0
BRDA:573,44,1,0
BRDA:581,45,0,0
BRDA:581,45,1,0
BRDA:597,46,0,0
BRDA:597,46,1,0
BRDA:617,47,0,0
BRDA:617,47,1,0
BRDA:719,48,0,0
BRDA:719,48,1,0
BRDA:724,49,0,0
BRDA:724,49,1,0
BRDA:724,50,0,0
BRDA:724,50,1,0
BRDA:724,50,2,0
BRDA:783,51,0,0
BRDA:783,51,1,0
BRDA:802,52,0,0
BRDA:802,52,1,0
BRDA:807,53,0,0
BRDA:807,53,1,0
BRDA:831,54,0,0
BRDA:831,54,1,0
BRDA:850,55,0,0
BRDA:850,55,1,0
BRDA:877,56,0,0
BRDA:877,56,1,0
BRDA:877,57,0,0
BRDA:877,57,1,0
BRDA:919,58,0,0
BRDA:919,58,1,0
BRDA:919,59,0,0
BRDA:919,59,1,0
BRDA:919,59,2,0
BRDA:919,59,3,0
BRDA:919,59,4,0
BRDA:926,60,0,0
BRDA:926,60,1,0
BRDA:926,61,0,0
BRDA:926,61,1,0
BRDA:937,62,0,0
BRDA:937,62,1,0
BRDA:944,63,0,0
BRDA:944,63,1,0
BRDA:953,64,0,0
BRDA:953,64,1,0
BRDA:962,65,0,0
BRDA:962,65,1,0
BRDA:981,66,0,0
BRDA:981,66,1,0
BRDA:1023,67,0,0
BRDA:1023,67,1,0
BRDA:1023,68,0,0
BRDA:1023,68,1,0
BRDA:1084,69,0,0
BRDA:1084,69,1,0
BRDA:1139,70,0,0
BRDA:1139,70,1,0
BRDA:1139,71,0,0
BRDA:1139,71,1,0
BRDA:1149,72,0,0
BRDA:1149,72,1,0
BRDA:1149,73,0,0
BRDA:1149,73,1,0
BRDA:1149,73,2,0
BRDA:1149,73,3,0
BRDA:1149,73,4,0
BRDA:1156,74,0,0
BRDA:1156,74,1,0
BRDA:1156,75,0,0
BRDA:1156,75,1,0
BRDA:1164,76,0,0
BRDA:1164,76,1,0
BRDA:1178,77,0,0
BRDA:1178,77,1,0
BRDA:1221,78,0,0
BRDA:1221,78,1,0
BRDA:1221,79,0,0
BRDA:1221,79,1,0
BRDA:1233,80,0,0
BRDA:1233,80,1,0
BRDA:1241,81,0,0
BRDA:1241,81,1,0
BRDA:1241,82,0,0
BRDA:1241,82,1,0
BRDA:1247,83,0,0
BRDA:1247,83,1,0
BRDA:1288,84,0,0
BRDA:1288,84,1,0
BRDA:1288,85,0,0
BRDA:1288,85,1,0
BRDA:1299,86,0,0
BRDA:1299,86,1,0
BRDA:1306,87,0,0
BRDA:1306,87,1,0
BRDA:1306,88,0,0
BRDA:1306,88,1,0
BRDA:1313,89,0,0
BRDA:1313,89,1,0
BRDA:1323,90,0,0
BRDA:1323,90,1,0
BRDA:1426,91,0,0
BRDA:1426,91,1,0
BRDA:1426,92,0,0
BRDA:1426,92,1,0
BRDA:1433,93,0,0
BRDA:1433,93,1,0
BRDA:1485,94,0,0
BRDA:1485,94,1,0
BRDA:1487,95,0,0
BRDA:1487,95,1,0
BRDA:1491,96,0,0
BRDA:1491,96,1,0
BRDA:1510,97,0,0
BRDA:1510,97,1,0
BRDA:1510,98,0,0
BRDA:1510,98,1,0
BRDA:1522,99,0,0
BRDA:1522,99,1,0
BRDA:1529,100,0,0
BRDA:1529,100,1,0
BRDA:1529,101,0,0
BRDA:1529,101,1,0
BRDA:1536,102,0,0
BRDA:1536,102,1,0
BRDA:1546,103,0,0
BRDA:1546,103,1,0
BRDA:1551,104,0,0
BRDA:1551,104,1,0
BRDA:1560,105,0,0
BRDA:1560,105,1,0
BRDA:1573,106,0,0
BRDA:1573,106,1,0
BRF:220
BRH:15
end_of_record
